0 info it worked if it ends with ok
1 verbose cli [ 'C:\\Program Files\\nodejs\\node.exe',
1 verbose cli   'C:\\Program Files\\nodejs\\node_modules\\npm\\bin\\npm-cli.js',
1 verbose cli   'run',
1 verbose cli   'watch' ]
2 info using npm@3.10.10
3 info using node@v6.10.1
4 verbose run-script [ 'prewatch', 'watch', 'postwatch' ]
5 info lifecycle stSlider@1.0.0~prewatch: stSlider@1.0.0
6 silly lifecycle stSlider@1.0.0~prewatch: no script for prewatch, continuing
7 info lifecycle stSlider@1.0.0~watch: stSlider@1.0.0
8 verbose lifecycle stSlider@1.0.0~watch: unsafe-perm in lifecycle true
9 verbose lifecycle stSlider@1.0.0~watch: PATH: C:\Program Files\nodejs\node_modules\npm\bin\node-gyp-bin;D:\wamp\www\html\stSlider\node_modules\.bin;C:\Program Files (x86)\NVIDIA Corporation\PhysX\Common;C:\Program Files (x86)\Intel\iCLS Client\;C:\Program Files\Intel\iCLS Client\;C:\Windows\system32;C:\Windows;C:\Windows\System32\Wbem;C:\Windows\System32\WindowsPowerShell\v1.0\;C:\Program Files\Intel\Intel(R) Management Engine Components\DAL;C:\Program Files\Intel\Intel(R) Management Engine Components\IPT;C:\Program Files (x86)\Intel\Intel(R) Management Engine Components\DAL;C:\Program Files (x86)\Intel\Intel(R) Management Engine Components\IPT;C:\Program Files (x86)\Microsoft SQL Server\100\Tools\Binn\;C:\Program Files\Microsoft SQL Server\100\Tools\Binn\;C:\Program Files\Microsoft SQL Server\100\DTS\Binn\;D:\xampp\php;C:\ProgramData\ComposerSetup\bin;C:\Program Files\nodejs\;C:\Users\Asus\AppData\Roaming\Composer\vendor\bin;C:\Users\Asus\AppData\Roaming\npm
10 verbose lifecycle stSlider@1.0.0~watch: CWD: D:\wamp\www\html\stSlider
11 silly lifecycle stSlider@1.0.0~watch: Args: [ '/d /s /c', 'npm run dev -- --watch' ]
12 silly lifecycle stSlider@1.0.0~watch: Returned: code: 3221225786  signal: null
13 info lifecycle stSlider@1.0.0~watch: Failed to exec watch script
14 verbose stack Error: stSlider@1.0.0 watch: `npm run dev -- --watch`
14 verbose stack Exit status 3221225786
14 verbose stack     at EventEmitter.<anonymous> (C:\Program Files\nodejs\node_modules\npm\lib\utils\lifecycle.js:255:16)
14 verbose stack     at emitTwo (events.js:106:13)
14 verbose stack     at EventEmitter.emit (events.js:191:7)
14 verbose stack     at ChildProcess.<anonymous> (C:\Program Files\nodejs\node_modules\npm\lib\utils\spawn.js:40:14)
14 verbose stack     at emitTwo (events.js:106:13)
14 verbose stack     at ChildProcess.emit (events.js:191:7)
14 verbose stack     at maybeClose (internal/child_process.js:886:16)
14 verbose stack     at Process.ChildProcess._handle.onexit (internal/child_process.js:226:5)
15 verbose pkgid stSlider@1.0.0
16 verbose cwd D:\wamp\www\html\stSlider
17 error Windows_NT 6.2.9200
18 error argv "C:\\Program Files\\nodejs\\node.exe" "C:\\Program Files\\nodejs\\node_modules\\npm\\bin\\npm-cli.js" "run" "watch"
19 error node v6.10.1
20 error npm  v3.10.10
21 error code ELIFECYCLE
22 error stSlider@1.0.0 watch: `npm run dev -- --watch`
22 error Exit status 3221225786
23 error Failed at the stSlider@1.0.0 watch script 'npm run dev -- --watch'.
23 error Make sure you have the latest version of node.js and npm installed.
23 error If you do, this is most likely a problem with the stSlider package,
23 error not with npm itself.
23 error Tell the author that this fails on your system:
23 error     npm run dev -- --watch
23 error You can get information on how to open an issue for this project with:
23 error     npm bugs stSlider
23 error Or if that isn't available, you can get their info via:
23 error     npm owner ls stSlider
23 error There is likely additional logging output above.
24 verbose exit [ 1, true ]
